<?xml version="1.0" encoding="UTF-8"?>
<!-- Generated by org.testng.reporters.JUnitReportReporter -->
<testsuite skipped="0" hostname="FCIND-0005" name="com.inetbanking.testcases.Prority" tests="2" failures="0" timestamp="24 Apr 2019 05:58:58 GMT" time="0.013" errors="0">
  <testcase name="testCase2" time="0.009" classname="com.inetbanking.testcases.Prority"/>
  <testcase name="testCase1" time="0.004" classname="com.inetbanking.testcases.Prority"/>
</testsuite> <!-- com.inetbanking.testcases.Prority -->
