<?xml version="1.0" encoding="UTF-8"?>
<!-- Generated by org.testng.reporters.JUnitReportReporter -->
<testsuite skipped="0" hostname="FCIND-0005" name="com.inetbanking.testcases.Handlescroll" tests="1" failures="0" timestamp="24 Apr 2019 09:28:59 GMT" time="28.338" errors="0">
  <testcase name="scrollDown" time="28.338" classname="com.inetbanking.testcases.Handlescroll"/>
</testsuite> <!-- com.inetbanking.testcases.Handlescroll -->
